Using pre-set license

 COMMAND LINE ARGUMENTS:
/Applications/Unity/Hub/Editor/2020.3.4f1/Unity.app/Contents/MacOS/Unity
-adb2
-batchMode
-noUpm
-name
AssetImportWorker0
-projectPath
/Volumes/Storage/Unity/New Unity Project
-logFile
Logs/AssetImportWorker0.log
-srvPort
50360
Successfully changed project path to: /Volumes/Storage/Unity/New Unity Project
/Volumes/Storage/Unity/New Unity Project
Using Asset Import Pipeline V2.
Refreshing native plugins compatible for Editor in 29.58 ms, found 2 plugins.
Preloading 0 native plugins for Editor in 0.00 ms.
Initialize engine version: 2020.3.4f1 (0abb6314276a)
[Subsystems] Discovering subsystems at path /Applications/Unity/Hub/Editor/2020.3.4f1/Unity.app/Contents/Resources/UnitySubsystems
[Subsystems] Discovering subsystems at path /Volumes/Storage/Unity/New Unity Project/Assets
GfxDevice: creating device client; threaded=0
2021-04-22 23:58:58.168 Unity[1157:70108] PHL 271E1 preferred device: AMD Radeon Pro 560X (high power)
2021-04-22 23:58:58.168 Unity[1157:70108] Metal devices available: 2
2021-04-22 23:58:58.168 Unity[1157:70108] 0: AMD Radeon Pro 560X (high power)
2021-04-22 23:58:58.168 Unity[1157:70108] 1: Intel(R) UHD Graphics 630 (low power)
2021-04-22 23:58:58.168 Unity[1157:70108] Using device AMD Radeon Pro 560X (high power)
Initializing Metal device caps: AMD Radeon Pro 560X
Initialize mono
Mono path[0] = '/Applications/Unity/Hub/Editor/2020.3.4f1/Unity.app/Contents/Managed'
Mono path[1] = '/Applications/Unity/Hub/Editor/2020.3.4f1/Unity.app/Contents/MonoBleedingEdge/lib/mono/unityjit'
Mono config path = '/Applications/Unity/Hub/Editor/2020.3.4f1/Unity.app/Contents/MonoBleedingEdge/etc'
Using monoOptions --debugger-agent=transport=dt_socket,embedding=1,server=y,suspend=n,address=127.0.0.1:56157
Begin MonoManager ReloadAssembly
Registering precompiled unity dll's ...
Register platform support module: /Applications/Unity/Hub/Editor/2020.3.4f1/Unity.app/Contents/PlaybackEngines/MacStandaloneSupport/UnityEditor.OSXStandalone.Extensions.dll
Registered in 0.000505 seconds.
Native extension for OSXStandalone target not found
Refreshing native plugins compatible for Editor in 45.30 ms, found 2 plugins.
Preloading 0 native plugins for Editor in 0.00 ms.
Mono: successfully reloaded assembly
- Completed reload, in  2.562 seconds
Platform modules already initialized, skipping
Registering precompiled user dll's ...
Registered in 0.000527 seconds.
Begin MonoManager ReloadAssembly
Native extension for OSXStandalone target not found
Refreshing native plugins compatible for Editor in 37.87 ms, found 2 plugins.
Preloading 0 native plugins for Editor in 0.00 ms.
Mono: successfully reloaded assembly
- Completed reload, in  1.173 seconds
Platform modules already initialized, skipping
========================================================================
Worker process is ready to serve import requests
Launching external process: /Applications/Unity/Hub/Editor/2020.3.4f1/Unity.app/Contents/Tools/UnityShaderCompiler
Launched and connected shader compiler UnityShaderCompiler after 0.01 seconds
Refreshing native plugins compatible for Editor in 0.35 ms, found 2 plugins.
Preloading 0 native plugins for Editor in 0.00 ms.
Unloading 1812 Unused Serialized files (Serialized files now loaded: 0)
System memory in use before: 149.2 MB.
System memory in use after: 149.2 MB.

Unloading 24 unused Assets to reduce memory usage. Loaded Objects now: 2256.
Total: 2.810444 ms (FindLiveObjects: 0.351683 ms CreateObjectMapping: 0.118464 ms MarkObjects: 2.139638 ms  DeleteObjects: 0.199534 ms)

========================================================================
Received Import Request.
  path: Assets/Scripts/Cell.cs
  artifactKey: Guid(68889227e891b481d96649d66b114143) Importer(815301076,1909f56bfc062723c751e8b465ee728b)
Start importing Assets/Scripts/Cell.cs using Guid(68889227e891b481d96649d66b114143) Importer(815301076,1909f56bfc062723c751e8b465ee728b)  -> (artifact id: 'f3d90655a609a880b684c41878e764f0') in 0.348307 seconds
  Import took 0.352102 seconds .

